<?xml version="1.0" encoding="UTF-8"?>
<!-- Generated by org.testng.reporters.JUnitReportReporter -->
<testsuite hostname="Desktop-Bharat" failures="0" tests="1" name="TestCase.Dashboard" time="8.061" errors="0" timestamp="2025-04-02T00:02:19 IST" skipped="0">
  <testcase classname="TestCase.Dashboard" name="testCase_AddRole" time="8.061"/>
</testsuite> <!-- TestCase.Dashboard -->
