<?xml version="1.0" encoding="UTF-8"?>
<!-- Generated by org.testng.reporters.JUnitReportReporter -->
<testsuite hostname="Desktop-Bharat" failures="0" tests="1" name="TestCase.Login" time="6.510" errors="0" timestamp="2025-04-01T21:14:11 IST" skipped="0">
  <testcase classname="TestCase.Login" name="TestCase_login" time="6.510"/>
</testsuite> <!-- TestCase.Login -->
