<?xml version="1.0" encoding="UTF-8"?>
<!-- Generated by org.testng.reporters.JUnitReportReporter -->
<testsuite hostname="Desktop-Bharat" failures="0" tests="1" name="TestCase.Login" time="5.234" errors="0" timestamp="2025-03-22T01:09:28 IST" skipped="0">
  <testcase classname="TestCase.Login" name="TestCase_001" time="5.234"/>
</testsuite> <!-- TestCase.Login -->
